{
  "stats": {
    "suites": 1,
    "tests": 4,
    "passes": 4,
    "pending": 0,
    "failures": 0,
    "start": "2025-09-16T06:42:51.248Z",
    "end": "2025-09-16T06:43:55.516Z",
    "duration": 64268,
    "testsRegistered": 4,
    "passPercent": 100,
    "pendingPercent": 0,
    "other": 0,
    "hasOther": false,
    "skipped": 0,
    "hasSkipped": false
  },
  "results": [
    {
      "uuid": "40729a00-6705-44ef-8095-18c6ea743195",
      "title": "",
      "fullFile": "cypress\\e2e\\MPost\\partnerWithUs.cy.ts",
      "file": "cypress\\e2e\\MPost\\partnerWithUs.cy.ts",
      "beforeHooks": [],
      "afterHooks": [],
      "tests": [],
      "suites": [
        {
          "uuid": "1c1d0365-f80d-41a5-890e-b8e66de245bc",
          "title": "MPost Partner With Us Page Tests",
          "fullFile": "",
          "file": "",
          "beforeHooks": [],
          "afterHooks": [],
          "tests": [
            {
              "title": "should load page and display main elements",
              "fullTitle": "MPost Partner With Us Page Tests should load page and display main elements",
              "timedOut": null,
              "duration": 12553,
              "state": "passed",
              "speed": "slow",
              "pass": true,
              "fail": false,
              "pending": false,
              "context": null,
              "code": "// Assert page title\ncy.title().should(\"eq\", \"MPost - Exchange Anything. Anytime. Anywhere.\");\ncy.get(\"meta[name='description']\").should(\"have.attr\", \"content\", \"MPost - Join millions of individuals and businesses using MPOST as their universal digital address—enabling secure mail and parcel delivery, hassle-free returns for online shoppers, and seamless identity verification for both local and global transactions.\");\n// Assert page heading\ncy.contains(\"h1\", \"PARTNER WITH US\").should(\"be.visible\");\n// Assert page description\ncy.contains(\"Join us in building Africa's digital addressing infrastructure and unlock new opportunities for growth.\").should(\"be.visible\");\n// Assert presence of buttons\ncy.contains(\"Why Partner with MPost?\").should(\"be.visible\").scrollIntoView();\ncy.contains(\"Our Partnership Models\").should(\"be.visible\");\ncy.contains(\"Let's Work Together\").should(\"be.visible\").scrollIntoView();",
              "err": {},
              "uuid": "177bcf79-fca8-4347-b074-9e8b590b592c",
              "parentUUID": "1c1d0365-f80d-41a5-890e-b8e66de245bc",
              "isHook": false,
              "skipped": false
            },
            {
              "title": "should validate input fields of the partners form",
              "fullTitle": "MPost Partner With Us Page Tests should validate input fields of the partners form",
              "timedOut": null,
              "duration": 15693,
              "state": "passed",
              "speed": "slow",
              "pass": true,
              "fail": false,
              "pending": false,
              "context": null,
              "code": "cy.contains(\"Partnership Inquiry\")\n    .scrollIntoView()\n    .should(\"be.visible\");\n// cy.contains(\"button\", \"Submit\").click();\ncy.get(\"input#name\").should(\"be.visible\").and(\"have.attr\", \"placeholder\", \"Enter your full name\");\ncy.get(\"input#email\").should(\"be.visible\").and(\"have.attr\", \"placeholder\", \"Enter your email address\");\ncy.get(\"input#company\").should(\"be.visible\").and(\"have.attr\", \"placeholder\", \"Enter your company name\");\ncy.get(\"input#role\").should(\"be.visible\").and(\"have.attr\", \"placeholder\", \"Enter your role or title\");\n// Dropdown (Partnership Field)\ncy.get(\"#partnershipField\").should(\"exist\"); // input inside Ant Design select\ncy.contains(\"span\", \"Select partnership field\").should(\"be.visible\");\n// Monthly Users field\ncy.get(\"input#monthlyUsers\")\n    .should(\"be.visible\")\n    .and(\"have.attr\", \"placeholder\", \"e.g., 10,000 or 50K-100K\");\n// Message textarea\ncy.get(\"textarea#message\")\n    .should(\"be.visible\")\n    .and(\"have.attr\", \"placeholder\")\n    .and(\"include\", \"Tell us about your partnership interest\");\n// Submit button\ncy.contains(\"button span\", \"Send Partnership Inquiry\")\n    .should(\"be.visible\")\n    .and(\"not.be.disabled\");",
              "err": {},
              "uuid": "d054d9b4-cadc-4f6c-90c6-854e30e4e750",
              "parentUUID": "1c1d0365-f80d-41a5-890e-b8e66de245bc",
              "isHook": false,
              "skipped": false
            },
            {
              "title": "should display error message when submiting an empty partners form",
              "fullTitle": "MPost Partner With Us Page Tests should display error message when submiting an empty partners form",
              "timedOut": null,
              "duration": 5306,
              "state": "passed",
              "speed": "medium",
              "pass": true,
              "fail": false,
              "pending": false,
              "context": null,
              "code": "cy.contains(\"Partnership Inquiry\")\n    .scrollIntoView()\n    .should(\"be.visible\");\ncy.contains(\"button span\", \"Send Partnership Inquiry\").click();\n// Assert that each required field displays the \"Required\" message\nconst requiredFields = [\n    \"#name\",\n    \"#email\",\n    \"#company\",\n    \"#role\",\n    // \"#partnershipField\",\n    \"#monthlyUsers\",\n    \"#message\"\n];\nrequiredFields.forEach((selector) => {\n    cy.get(selector)\n        .siblings(\"div[class='text-red-500 text-sm']\").contains(\"Required\").should(\"be.visible\");\n    // .within(() => {\n    //     cy.contains(\"Required\").should(\"be.visible\");\n    // });\n});",
              "err": {},
              "uuid": "7455265b-43e4-4a81-a047-4c7e74fd896c",
              "parentUUID": "1c1d0365-f80d-41a5-890e-b8e66de245bc",
              "isHook": false,
              "skipped": false
            },
            {
              "title": "should fill out and submit the partners form with valid data",
              "fullTitle": "MPost Partner With Us Page Tests should fill out and submit the partners form with valid data",
              "timedOut": null,
              "duration": 12906,
              "state": "passed",
              "speed": "slow",
              "pass": true,
              "fail": false,
              "pending": false,
              "context": null,
              "code": "cy.contains(\"Partnership Inquiry\")\n    .scrollIntoView()\n    .should(\"be.visible\");\n// cy.contains(\"button\", \"Submit\").click();\ncy.get(\"input#name\").should(\"be.visible\").and(\"have.attr\", \"placeholder\", \"Enter your full name\").type(\"Khan Chris\");\ncy.get(\"input#email\").should(\"be.visible\").and(\"have.attr\", \"placeholder\", \"Enter your email address\").type(\"khan.chris@example.com\");\ncy.get(\"input#company\").should(\"be.visible\").and(\"have.attr\", \"placeholder\", \"Enter your company name\").type(\"Chris Company\");\ncy.get(\"input#role\").should(\"be.visible\").and(\"have.attr\", \"placeholder\", \"Enter your role or title\").type(\"Partnership Manager\");\n// Select an option from the dropdown (Partnership Field)\ncy.get(\"#partnershipField\").click({ force: true });\n// Select the option \"Banks & Fintechs\"\ncy.contains(\".ant-select-dropdown .ant-select-item\", \"Banks & Fintechs\")\n    .click({ force: true });\n// Assert that the value is selected\ncy.get(\".ant-select-selector\").should(\"contain.text\", \"Banks & Fintechs\");\n// Monthly Users field\ncy.get(\"input#monthlyUsers\")\n    .should(\"be.visible\")\n    .and(\"have.attr\", \"placeholder\", \"e.g., 10,000 or 50K-100K\").type(\"50K-100K\");\n// Message textarea\ncy.get(\"textarea#message\").type(\"We are interested in partnering with MPost to enhance our delivery services.\");\n// Submit button\ncy.contains(\"button span\", \"Send Partnership Inquiry\")\n    .should(\"be.visible\")\n    .and(\"not.be.disabled\");",
              "err": {},
              "uuid": "a5110bf1-832a-45c6-945e-2260b36f5d23",
              "parentUUID": "1c1d0365-f80d-41a5-890e-b8e66de245bc",
              "isHook": false,
              "skipped": false
            }
          ],
          "suites": [],
          "passes": [
            "177bcf79-fca8-4347-b074-9e8b590b592c",
            "d054d9b4-cadc-4f6c-90c6-854e30e4e750",
            "7455265b-43e4-4a81-a047-4c7e74fd896c",
            "a5110bf1-832a-45c6-945e-2260b36f5d23"
          ],
          "failures": [],
          "pending": [],
          "skipped": [],
          "duration": 46458,
          "root": false,
          "rootEmpty": false,
          "_timeout": 2000
        }
      ],
      "passes": [],
      "failures": [],
      "pending": [],
      "skipped": [],
      "duration": 0,
      "root": true,
      "rootEmpty": true,
      "_timeout": 2000
    }
  ],
  "meta": {
    "mocha": {
      "version": "7.2.0"
    },
    "mochawesome": {
      "options": {
        "quiet": false,
        "reportFilename": "mochawesome",
        "saveHtml": false,
        "saveJson": true,
        "consoleReporter": "spec",
        "useInlineDiffs": false,
        "code": true
      },
      "version": "7.1.3"
    },
    "marge": {
      "options": {
        "reportDir": "cypress/reports",
        "overwrite": false,
        "html": false,
        "json": true
      },
      "version": "6.2.0"
    }
  }
}