{
  "stats": {
    "suites": 1,
    "tests": 7,
    "passes": 7,
    "pending": 0,
    "failures": 0,
    "start": "2025-09-16T07:45:59.709Z",
    "end": "2025-09-16T07:47:31.142Z",
    "duration": 91433,
    "testsRegistered": 7,
    "passPercent": 100,
    "pendingPercent": 0,
    "other": 0,
    "hasOther": false,
    "skipped": 0,
    "hasSkipped": false
  },
  "results": [
    {
      "uuid": "884cc38e-c13f-4b2b-9c71-b60290b05794",
      "title": "",
      "fullFile": "cypress\\e2e\\MPost\\RegistrationPage.cy.ts",
      "file": "cypress\\e2e\\MPost\\RegistrationPage.cy.ts",
      "beforeHooks": [],
      "afterHooks": [],
      "tests": [],
      "suites": [
        {
          "uuid": "e24e82f4-65e7-4dae-9553-296eedf6b74b",
          "title": "MPost Registration Page Tests",
          "fullFile": "",
          "file": "",
          "beforeHooks": [],
          "afterHooks": [],
          "tests": [
            {
              "title": "should load the registration page successfully",
              "fullTitle": "MPost Registration Page Tests should load the registration page successfully",
              "timedOut": null,
              "duration": 18480,
              "state": "passed",
              "speed": "slow",
              "pass": true,
              "fail": false,
              "pending": false,
              "context": null,
              "code": "cy.url().should('include', '/auth/registration');\ncy.get(\"div > h1[class='text-xl sm:text-4xl md:text-5xl font-semibold mb-1 text-white text-center md:text-left']\").contains('Registration').should('be.visible');\ncy.get(\"form > div[class='flex gap-3 pt-4'] > button[type='submit']\").should('be.visible').contains('Continue');",
              "err": {},
              "uuid": "ebfbb391-2500-41fa-b113-4a51e4f757d0",
              "parentUUID": "e24e82f4-65e7-4dae-9553-296eedf6b74b",
              "isHook": false,
              "skipped": false
            },
            {
              "title": "should show validation error when submitting without selecting account type",
              "fullTitle": "MPost Registration Page Tests should show validation error when submitting without selecting account type",
              "timedOut": null,
              "duration": 5707,
              "state": "passed",
              "speed": "medium",
              "pass": true,
              "fail": false,
              "pending": false,
              "context": null,
              "code": "cy.get(\"form > div[class='flex gap-3 pt-4'] > button[type='submit']\").click();\ncy.get(\"div[class='text-red-500 text-sm']\").contains('Required').should('be.visible');",
              "err": {},
              "uuid": "01254e11-0c08-4da0-a63a-c66747036d80",
              "parentUUID": "e24e82f4-65e7-4dae-9553-296eedf6b74b",
              "isHook": false,
              "skipped": false
            },
            {
              "title": "should show errors when required fields are empty",
              "fullTitle": "MPost Registration Page Tests should show errors when required fields are empty",
              "timedOut": null,
              "duration": 13663,
              "state": "passed",
              "speed": "slow",
              "pass": true,
              "fail": false,
              "pending": false,
              "context": null,
              "code": "// Select Individual account type\nselectAccountType('Individual');\n// Try submitting without filling anything\ncy.get('button[type=\"submit\"]').contains('Continue').click();\ncy.wait(2000);\n// Submit\ncy.get('button[type=\"submit\"]').contains('Continue').click();\n// Assert validation messages for all required fields\n// cy.get('select[name=\"accountType\"]')\n//     .parent()\n//     .find(\".text-red-500\")\n//     .should(\"contain.text\", \"Required\");\ncy.get('input[name=\"names\"]')\n    .parent()\n    .find(\".text-red-500\")\n    .should(\"contain.text\", \"Required\");\ncy.get('input[name=\"phone_number\"]')\n    .parent()\n    .parent()\n    .find(\".text-red-500\")\n    .should(\"contain.text\", \"Required\");\ncy.get('input[name=\"identification_number\"]')\n    .parent()\n    .find(\".text-red-500\")\n    .should(\"contain.text\", \"Required\");",
              "err": {},
              "uuid": "045acb1b-71f5-461d-a4c4-50d27a8f11c9",
              "parentUUID": "e24e82f4-65e7-4dae-9553-296eedf6b74b",
              "isHook": false,
              "skipped": false
            },
            {
              "title": "Should fillout the form with valid data",
              "fullTitle": "MPost Registration Page Tests Should fillout the form with valid data",
              "timedOut": null,
              "duration": 14926,
              "state": "passed",
              "speed": "slow",
              "pass": true,
              "fail": false,
              "pending": false,
              "context": null,
              "code": "// Select Individual account type\nselectAccountType('Company');\nselectAccountType('Individual');\n// Submit the form\ncy.get(\"form > div[class='flex gap-3 pt-4'] > button[type='submit']\").click();\n// Assert on the navigation to the personal details section\ncy.contains('Enter Personal Details').should('be.visible');\n// Fill out the form fields\nfillPersonalDetails();\n// Submit\ncy.get('button[type=\"submit\"]').contains('Continue').click();\n// Fill out the address details form\nfillAddressDetails();",
              "err": {},
              "uuid": "3f43f3ac-46f3-4cef-b4d1-faeece9d3489",
              "parentUUID": "e24e82f4-65e7-4dae-9553-296eedf6b74b",
              "isHook": false,
              "skipped": false
            },
            {
              "title": "Should show change the page body when selecting a valid account type - Business",
              "fullTitle": "MPost Registration Page Tests Should show change the page body when selecting a valid account type - Business",
              "timedOut": null,
              "duration": 8033,
              "state": "passed",
              "speed": "medium",
              "pass": true,
              "fail": false,
              "pending": false,
              "context": null,
              "code": "selectAccountType('Individual');",
              "err": {},
              "uuid": "3df6cd3f-db0e-424c-8803-e352248895ba",
              "parentUUID": "e24e82f4-65e7-4dae-9553-296eedf6b74b",
              "isHook": false,
              "skipped": false
            },
            {
              "title": "should validate email format",
              "fullTitle": "MPost Registration Page Tests should validate email format",
              "timedOut": null,
              "duration": 12933,
              "state": "passed",
              "speed": "slow",
              "pass": true,
              "fail": false,
              "pending": false,
              "context": null,
              "code": "selectAccountType('Individual');\n// Submit the form\ncy.get('button[type=\"submit\"]').contains('Continue').click();\ncy.wait(2000);\n// Fill Full Name\ncy.get('input[name=\"names\"]')\n    .should('have.attr', 'placeholder', 'Full Name')\n    .type('Paul Bakana')\n    .should('have.value', 'Paul Bakana');\ncy.get('input[name=\"phone_number\"]')\n    .clear()\n    .type('+250 788 123 456')\n    .should('have.value', '+250 788 123 456');\n// open dropdown and select Passport\ncy.get('#identification_type')\n    .click({ force: true });\ncy.get('.ant-select-dropdown')\n    .contains('Passport')\n    .click();\n// Fill Identification Number\ncy.get('input[name=\"identification_number\"]')\n    .type('AB1234567')\n    .should('have.value', 'AB1234567');\n// Fill Invalid Email\ncy.get('input[name=\"email\"]')\n    .type('invalidEmail')\n    .should('have.value', 'invalidEmail');\n// Submit\ncy.get('button[type=\"submit\"]').click();\n// Assert for invalid email message\ncy.get('input[name=\"email\"] + div.text-red-500')\n    .should(\"contain.text\", \"Invalid email format\");",
              "err": {},
              "uuid": "e8bc4c3d-4c2b-4081-b40f-5beb371ade9f",
              "parentUUID": "e24e82f4-65e7-4dae-9553-296eedf6b74b",
              "isHook": false,
              "skipped": false
            },
            {
              "title": "should redirect to sign-in page when clicking \"Sign In\"",
              "fullTitle": "MPost Registration Page Tests should redirect to sign-in page when clicking \"Sign In\"",
              "timedOut": null,
              "duration": 8694,
              "state": "passed",
              "speed": "medium",
              "pass": true,
              "fail": false,
              "pending": false,
              "context": null,
              "code": "cy.contains(\"Sign in\").should(\"be.visible\").click();\ncy.url().should('include', '/auth/login');",
              "err": {},
              "uuid": "bad49492-036a-4ad1-8402-0dd1c893830f",
              "parentUUID": "e24e82f4-65e7-4dae-9553-296eedf6b74b",
              "isHook": false,
              "skipped": false
            }
          ],
          "suites": [],
          "passes": [
            "ebfbb391-2500-41fa-b113-4a51e4f757d0",
            "01254e11-0c08-4da0-a63a-c66747036d80",
            "045acb1b-71f5-461d-a4c4-50d27a8f11c9",
            "3f43f3ac-46f3-4cef-b4d1-faeece9d3489",
            "3df6cd3f-db0e-424c-8803-e352248895ba",
            "e8bc4c3d-4c2b-4081-b40f-5beb371ade9f",
            "bad49492-036a-4ad1-8402-0dd1c893830f"
          ],
          "failures": [],
          "pending": [],
          "skipped": [],
          "duration": 82436,
          "root": false,
          "rootEmpty": false,
          "_timeout": 2000
        }
      ],
      "passes": [],
      "failures": [],
      "pending": [],
      "skipped": [],
      "duration": 0,
      "root": true,
      "rootEmpty": true,
      "_timeout": 2000
    }
  ],
  "meta": {
    "mocha": {
      "version": "7.2.0"
    },
    "mochawesome": {
      "options": {
        "quiet": false,
        "reportFilename": "mochawesome",
        "saveHtml": false,
        "saveJson": true,
        "consoleReporter": "spec",
        "useInlineDiffs": false,
        "code": true
      },
      "version": "7.1.3"
    },
    "marge": {
      "options": {
        "reportDir": "cypress/reports",
        "overwrite": false,
        "html": false,
        "json": true
      },
      "version": "6.2.0"
    }
  }
}