{
  "stats": {
    "suites": 1,
    "tests": 2,
    "passes": 2,
    "pending": 0,
    "failures": 0,
    "start": "2025-09-16T06:39:43.819Z",
    "end": "2025-09-16T06:40:01.078Z",
    "duration": 17259,
    "testsRegistered": 2,
    "passPercent": 100,
    "pendingPercent": 0,
    "other": 0,
    "hasOther": false,
    "skipped": 0,
    "hasSkipped": false
  },
  "results": [
    {
      "uuid": "f74b1206-afa3-4929-ab38-70fa246645da",
      "title": "",
      "fullFile": "cypress\\e2e\\MPost\\aboutUsPage.cy.ts",
      "file": "cypress\\e2e\\MPost\\aboutUsPage.cy.ts",
      "beforeHooks": [],
      "afterHooks": [],
      "tests": [],
      "suites": [
        {
          "uuid": "ecf5842e-8c49-4c73-aca6-da3c743a53a3",
          "title": "MPost About Us Page - Test Case 1",
          "fullFile": "",
          "file": "",
          "beforeHooks": [],
          "afterHooks": [],
          "tests": [
            {
              "title": "should assert the page title",
              "fullTitle": "MPost About Us Page - Test Case 1 should assert the page title",
              "timedOut": null,
              "duration": 7327,
              "state": "passed",
              "speed": "medium",
              "pass": true,
              "fail": false,
              "pending": false,
              "context": null,
              "code": "// assert the page title\ncy.title().should('eq', 'MPost - Exchange Anything. Anytime. Anywhere.');\n// assert the meta description content\ncy.get('head meta[name=\"description\"]').should('have.attr', 'content', 'MPost - Join millions of individuals and businesses using MPOST as their universal digital address—enabling secure mail and parcel delivery, hassle-free returns for online shoppers, and seamless identity verification for both local and global transactions.');\n// assert \"ABOUT US\" heading visibility\ncy.contains('h1', 'ABOUT US').should('be.visible');\n// assert the mission description visibility\ncy.contains('Learn more about MPost and our mission to provide universal digital addresses.').should('be.visible');",
              "err": {},
              "uuid": "39cc2fb0-b58f-4225-872e-49014f49e3d8",
              "parentUUID": "ecf5842e-8c49-4c73-aca6-da3c743a53a3",
              "isHook": false,
              "skipped": false
            },
            {
              "title": "should should navigate the whole page",
              "fullTitle": "MPost About Us Page - Test Case 1 should should navigate the whole page",
              "timedOut": null,
              "duration": 4662,
              "state": "passed",
              "speed": "fast",
              "pass": true,
              "fail": false,
              "pending": false,
              "context": null,
              "code": "// Scroll to Company Profile visibility\ncy.contains('h2', 'COMPANY PROFILE').scrollIntoView().should('be.visible');\n// assert vision and mission visibility\ncy.contains('h2', 'Vision').scrollIntoView().should('be.visible');\ncy.contains('h2', 'Mission').scrollIntoView().should('be.visible');\n// assert core values visibility\ncy.contains('h2', 'Enabling E-commerce, KYC Address Verification, and Seamless Delivery')\n    .scrollIntoView()\n    .should('be.visible');\n// assert \"Our Solutions and Policies\" section visibility\ncy.contains('h2', 'Our Solutions and Policies').scrollIntoView().should('be.visible');\n// Assert presence of button and links\ncy.contains('button', 'View Solutions').should('be.visible');\ncy.contains('a', 'User Terms and Conditions').should('be.visible');\ncy.contains('a', 'Our Privacy Policy').should('be.visible');",
              "err": {},
              "uuid": "4de23708-8aea-4c3b-882c-4154a0ae8ff2",
              "parentUUID": "ecf5842e-8c49-4c73-aca6-da3c743a53a3",
              "isHook": false,
              "skipped": false
            }
          ],
          "suites": [],
          "passes": [
            "39cc2fb0-b58f-4225-872e-49014f49e3d8",
            "4de23708-8aea-4c3b-882c-4154a0ae8ff2"
          ],
          "failures": [],
          "pending": [],
          "skipped": [],
          "duration": 11989,
          "root": false,
          "rootEmpty": false,
          "_timeout": 2000
        }
      ],
      "passes": [],
      "failures": [],
      "pending": [],
      "skipped": [],
      "duration": 0,
      "root": true,
      "rootEmpty": true,
      "_timeout": 2000
    }
  ],
  "meta": {
    "mocha": {
      "version": "7.2.0"
    },
    "mochawesome": {
      "options": {
        "quiet": false,
        "reportFilename": "mochawesome",
        "saveHtml": false,
        "saveJson": true,
        "consoleReporter": "spec",
        "useInlineDiffs": false,
        "code": true
      },
      "version": "7.1.3"
    },
    "marge": {
      "options": {
        "reportDir": "cypress/reports",
        "overwrite": false,
        "html": false,
        "json": true
      },
      "version": "6.2.0"
    }
  }
}