{
  "stats": {
    "suites": 1,
    "tests": 7,
    "passes": 7,
    "pending": 0,
    "failures": 0,
    "start": "2025-09-16T06:38:41.304Z",
    "end": "2025-09-16T06:39:39.737Z",
    "duration": 58433,
    "testsRegistered": 7,
    "passPercent": 100,
    "pendingPercent": 0,
    "other": 0,
    "hasOther": false,
    "skipped": 0,
    "hasSkipped": false
  },
  "results": [
    {
      "uuid": "47e72ea2-f22a-416a-a038-64d23365b99e",
      "title": "",
      "fullFile": "cypress\\e2e\\MPost\\RegistrationPage.cy.ts",
      "file": "cypress\\e2e\\MPost\\RegistrationPage.cy.ts",
      "beforeHooks": [],
      "afterHooks": [],
      "tests": [],
      "suites": [
        {
          "uuid": "ebfe2b90-3899-4d9e-989c-d5a503f07b8c",
          "title": "MPost Registration Page Tests",
          "fullFile": "",
          "file": "",
          "beforeHooks": [],
          "afterHooks": [],
          "tests": [
            {
              "title": "should load the registration page successfully",
              "fullTitle": "MPost Registration Page Tests should load the registration page successfully",
              "timedOut": null,
              "duration": 7954,
              "state": "passed",
              "speed": "medium",
              "pass": true,
              "fail": false,
              "pending": false,
              "context": null,
              "code": "cy.url().should('include', '/auth/registration');\ncy.get(\"div > h1[class='text-xl sm:text-4xl md:text-5xl font-semibold mb-1 text-white text-center md:text-left']\").contains('Registration').should('be.visible');\ncy.get(\"form > div[class='flex gap-3 pt-4'] > button[type='submit']\").should('be.visible').contains('Continue');",
              "err": {},
              "uuid": "4f5a5ae4-cbf0-4dff-8d8d-739b7c00ef25",
              "parentUUID": "ebfe2b90-3899-4d9e-989c-d5a503f07b8c",
              "isHook": false,
              "skipped": false
            },
            {
              "title": "should show validation error when submitting without selecting account type",
              "fullTitle": "MPost Registration Page Tests should show validation error when submitting without selecting account type",
              "timedOut": null,
              "duration": 4755,
              "state": "passed",
              "speed": "fast",
              "pass": true,
              "fail": false,
              "pending": false,
              "context": null,
              "code": "cy.get(\"form > div[class='flex gap-3 pt-4'] > button[type='submit']\").click();\ncy.get(\"div[class='text-red-500 text-sm']\").contains('Required').should('be.visible');",
              "err": {},
              "uuid": "3dcf4521-afb4-43a2-bc67-dd355d7ab18c",
              "parentUUID": "ebfe2b90-3899-4d9e-989c-d5a503f07b8c",
              "isHook": false,
              "skipped": false
            },
            {
              "title": "should show errors when required fields are empty",
              "fullTitle": "MPost Registration Page Tests should show errors when required fields are empty",
              "timedOut": null,
              "duration": 7982,
              "state": "passed",
              "speed": "medium",
              "pass": true,
              "fail": false,
              "pending": false,
              "context": null,
              "code": "// Select Individual account type\nselectAccountType('Individual');\n// Try submitting without filling anything\ncy.get('button[type=\"submit\"]').contains('Continue').click();\ncy.wait(2000);\n// Submit\ncy.get('button[type=\"submit\"]').contains('Continue').click();\n// Assert validation messages for all required fields\n// cy.get('select[name=\"accountType\"]')\n//     .parent()\n//     .find(\".text-red-500\")\n//     .should(\"contain.text\", \"Required\");\ncy.get('input[name=\"names\"]')\n    .parent()\n    .find(\".text-red-500\")\n    .should(\"contain.text\", \"Required\");\ncy.get('input[name=\"phone_number\"]')\n    .parent()\n    .parent()\n    .find(\".text-red-500\")\n    .should(\"contain.text\", \"Required\");\ncy.get('input[name=\"identification_number\"]')\n    .parent()\n    .find(\".text-red-500\")\n    .should(\"contain.text\", \"Required\");",
              "err": {},
              "uuid": "b4d57f5a-2607-4bfa-a83f-3f3c7f254091",
              "parentUUID": "ebfe2b90-3899-4d9e-989c-d5a503f07b8c",
              "isHook": false,
              "skipped": false
            },
            {
              "title": "Should fillout the form with valid data",
              "fullTitle": "MPost Registration Page Tests Should fillout the form with valid data",
              "timedOut": null,
              "duration": 11155,
              "state": "passed",
              "speed": "slow",
              "pass": true,
              "fail": false,
              "pending": false,
              "context": null,
              "code": "// Select Individual account type\nselectAccountType('Company');\nselectAccountType('Individual');\n// Submit the form\ncy.get(\"form > div[class='flex gap-3 pt-4'] > button[type='submit']\").click();\n// Assert on the navigation to the personal details section\ncy.contains('Enter Personal Details').should('be.visible');\n// Fill out the form fields\nfillPersonalDetails();\n// Submit\ncy.get('button[type=\"submit\"]').contains('Continue').click();\n// Fill out the address details form\nfillAddressDetails();",
              "err": {},
              "uuid": "14149ec9-1e5a-498d-a59d-e445c0289814",
              "parentUUID": "ebfe2b90-3899-4d9e-989c-d5a503f07b8c",
              "isHook": false,
              "skipped": false
            },
            {
              "title": "Should show change the page body when selecting a valid account type - Business",
              "fullTitle": "MPost Registration Page Tests Should show change the page body when selecting a valid account type - Business",
              "timedOut": null,
              "duration": 4900,
              "state": "passed",
              "speed": "fast",
              "pass": true,
              "fail": false,
              "pending": false,
              "context": null,
              "code": "selectAccountType('Individual');",
              "err": {},
              "uuid": "1f8b254e-4a4c-4bb9-918f-c31634e0dcea",
              "parentUUID": "ebfe2b90-3899-4d9e-989c-d5a503f07b8c",
              "isHook": false,
              "skipped": false
            },
            {
              "title": "should validate email format",
              "fullTitle": "MPost Registration Page Tests should validate email format",
              "timedOut": null,
              "duration": 10025,
              "state": "passed",
              "speed": "slow",
              "pass": true,
              "fail": false,
              "pending": false,
              "context": null,
              "code": "selectAccountType('Individual');\n// Submit the form\ncy.get('button[type=\"submit\"]').contains('Continue').click();\ncy.wait(2000);\n// Fill Full Name\ncy.get('input[name=\"names\"]')\n    .should('have.attr', 'placeholder', 'Full Name')\n    .type('Paul Bakana')\n    .should('have.value', 'Paul Bakana');\ncy.get('input[name=\"phone_number\"]')\n    .clear()\n    .type('+250 788 123 456')\n    .should('have.value', '+250 788 123 456');\n// open dropdown and select Passport\ncy.get('#identification_type')\n    .click({ force: true });\ncy.get('.ant-select-dropdown')\n    .contains('Passport')\n    .click();\n// Fill Identification Number\ncy.get('input[name=\"identification_number\"]')\n    .type('AB1234567')\n    .should('have.value', 'AB1234567');\n// Fill Invalid Email\ncy.get('input[name=\"email\"]')\n    .type('invalidEmail')\n    .should('have.value', 'invalidEmail');\n// Submit\ncy.get('button[type=\"submit\"]').click();\n// Assert for invalid email message\ncy.get('input[name=\"email\"] + div.text-red-500')\n    .should(\"contain.text\", \"Invalid email format\");",
              "err": {},
              "uuid": "dcc33dab-9625-4f32-8b41-d25ee6c277e9",
              "parentUUID": "ebfe2b90-3899-4d9e-989c-d5a503f07b8c",
              "isHook": false,
              "skipped": false
            },
            {
              "title": "should redirect to sign-in page when clicking \"Sign In\"",
              "fullTitle": "MPost Registration Page Tests should redirect to sign-in page when clicking \"Sign In\"",
              "timedOut": null,
              "duration": 5424,
              "state": "passed",
              "speed": "medium",
              "pass": true,
              "fail": false,
              "pending": false,
              "context": null,
              "code": "cy.contains(\"Sign in\").should(\"be.visible\").click();\ncy.url().should('include', '/auth/login');",
              "err": {},
              "uuid": "3684febd-e1b9-4cc4-a78a-4ce5c88221f2",
              "parentUUID": "ebfe2b90-3899-4d9e-989c-d5a503f07b8c",
              "isHook": false,
              "skipped": false
            }
          ],
          "suites": [],
          "passes": [
            "4f5a5ae4-cbf0-4dff-8d8d-739b7c00ef25",
            "3dcf4521-afb4-43a2-bc67-dd355d7ab18c",
            "b4d57f5a-2607-4bfa-a83f-3f3c7f254091",
            "14149ec9-1e5a-498d-a59d-e445c0289814",
            "1f8b254e-4a4c-4bb9-918f-c31634e0dcea",
            "dcc33dab-9625-4f32-8b41-d25ee6c277e9",
            "3684febd-e1b9-4cc4-a78a-4ce5c88221f2"
          ],
          "failures": [],
          "pending": [],
          "skipped": [],
          "duration": 52195,
          "root": false,
          "rootEmpty": false,
          "_timeout": 2000
        }
      ],
      "passes": [],
      "failures": [],
      "pending": [],
      "skipped": [],
      "duration": 0,
      "root": true,
      "rootEmpty": true,
      "_timeout": 2000
    }
  ],
  "meta": {
    "mocha": {
      "version": "7.2.0"
    },
    "mochawesome": {
      "options": {
        "quiet": false,
        "reportFilename": "mochawesome",
        "saveHtml": false,
        "saveJson": true,
        "consoleReporter": "spec",
        "useInlineDiffs": false,
        "code": true
      },
      "version": "7.1.3"
    },
    "marge": {
      "options": {
        "reportDir": "cypress/reports",
        "overwrite": false,
        "html": false,
        "json": true
      },
      "version": "6.2.0"
    }
  }
}